{"level":"DEBUG","time":"2022-08-24T07:32:18.557+0800","caller":"blog2/main.go:42","msg":"logger init success..."}
{"level":"INFO","time":"2022-08-24T07:32:25.788+0800","caller":"logger/logger.go:81","msg":"/api/v1/signUp","status":404,"method":"POST","path":"/api/v1/signUp","query":"","ip":"::1","user-agent":"PostmanRuntime/7.29.2","errors":"","cost":0}
{"level":"INFO","time":"2022-08-24T07:32:27.791+0800","caller":"logger/logger.go:81","msg":"/api/v1/signUp","status":404,"method":"POST","path":"/api/v1/signUp","query":"","ip":"::1","user-agent":"PostmanRuntime/7.29.2","errors":"","cost":0}
{"level":"DEBUG","time":"2022-08-24T07:33:22.667+0800","caller":"blog2/main.go:42","msg":"logger init success..."}
{"level":"INFO","time":"2022-08-24T07:33:25.397+0800","caller":"logger/logger.go:81","msg":"/signUp","status":404,"method":"POST","path":"/signUp","query":"","ip":"::1","user-agent":"PostmanRuntime/7.29.2","errors":"","cost":0.0000272}
{"level":"INFO","time":"2022-08-24T07:33:27.645+0800","caller":"logger/logger.go:81","msg":"/signUp","status":404,"method":"POST","path":"/signUp","query":"","ip":"::1","user-agent":"PostmanRuntime/7.29.2","errors":"","cost":0}
{"level":"DEBUG","time":"2022-08-24T07:33:37.309+0800","caller":"blog2/main.go:42","msg":"logger init success..."}
{"level":"ERROR","time":"2022-08-24T07:33:38.353+0800","caller":"controller/user.go:20","msg":"SignUp with invalid  param","error":"Key: 'ParamSignUp.re_password' Error:Field validation for 're_password' failed on the 'eqfield' tag"}
{"level":"INFO","time":"2022-08-24T07:33:38.353+0800","caller":"logger/logger.go:81","msg":"/signUp","status":200,"method":"POST","path":"/signUp","query":"","ip":"::1","user-agent":"PostmanRuntime/7.29.2","errors":"","cost":0.0002739}
{"level":"DEBUG","time":"2022-08-24T07:34:04.321+0800","caller":"blog2/main.go:42","msg":"logger init success..."}
{"level":"INFO","time":"2022-08-24T07:34:17.222+0800","caller":"blog2/main.go:89","msg":"Shutdown Server ..."}
{"level":"INFO","time":"2022-08-24T07:34:17.227+0800","caller":"blog2/main.go:98","msg":"Server exiting"}
{"level":"DEBUG","time":"2022-08-24T07:37:44.395+0800","caller":"blog2/main.go:42","msg":"logger init success..."}
{"level":"ERROR","time":"2022-08-24T07:37:46.949+0800","caller":"controller/user.go:21","msg":"SignUp with invalid  param","error":"Key: 'ParamSignUp.username' Error:Field validation for 'username' failed on the 'min' tag\nKey: 'ParamSignUp.re_password' Error:Field validation for 're_password' failed on the 'eqfield' tag"}
{"level":"INFO","time":"2022-08-24T07:37:46.949+0800","caller":"logger/logger.go:81","msg":"/signUp","status":200,"method":"POST","path":"/signUp","query":"","ip":"::1","user-agent":"PostmanRuntime/7.29.2","errors":"","cost":0.0005383}
{"level":"INFO","time":"2022-08-24T07:37:51.300+0800","caller":"blog2/main.go:89","msg":"Shutdown Server ..."}
{"level":"INFO","time":"2022-08-24T07:37:51.310+0800","caller":"blog2/main.go:98","msg":"Server exiting"}
{"level":"DEBUG","time":"2022-08-24T07:38:32.247+0800","caller":"blog/main.go:42","msg":"logger init success..."}
{"level":"ERROR","time":"2022-08-24T07:38:35.820+0800","caller":"controller/user.go:21","msg":"SignUp with invalid  param","error":"Key: 'ParamSignUp.username' Error:Field validation for 'username' failed on the 'min' tag\nKey: 'ParamSignUp.re_password' Error:Field validation for 're_password' failed on the 'eqfield' tag"}
{"level":"INFO","time":"2022-08-24T07:38:35.820+0800","caller":"logger/logger.go:81","msg":"/signUp","status":200,"method":"POST","path":"/signUp","query":"","ip":"::1","user-agent":"PostmanRuntime/7.29.2","errors":"","cost":0}
{"level":"ERROR","time":"2022-08-24T07:38:37.328+0800","caller":"controller/user.go:21","msg":"SignUp with invalid  param","error":"Key: 'ParamSignUp.username' Error:Field validation for 'username' failed on the 'min' tag\nKey: 'ParamSignUp.re_password' Error:Field validation for 're_password' failed on the 'eqfield' tag"}
{"level":"INFO","time":"2022-08-24T07:38:37.328+0800","caller":"logger/logger.go:81","msg":"/signUp","status":200,"method":"POST","path":"/signUp","query":"","ip":"::1","user-agent":"PostmanRuntime/7.29.2","errors":"","cost":0}
{"level":"INFO","time":"2022-08-24T07:38:42.358+0800","caller":"blog/main.go:89","msg":"Shutdown Server ..."}
{"level":"INFO","time":"2022-08-24T07:38:42.364+0800","caller":"blog/main.go:98","msg":"Server exiting"}
{"level":"INFO","time":"2022-08-24T07:39:07.988+0800","caller":"logger/logger.go:81","msg":"/signUp","status":404,"method":"POST","path":"/signUp","query":"","ip":"::1","user-agent":"PostmanRuntime/7.29.2","errors":"","cost":0}
{"level":"INFO","time":"2022-08-24T07:39:09.553+0800","caller":"logger/logger.go:81","msg":"/signUp","status":404,"method":"POST","path":"/signUp","query":"","ip":"::1","user-agent":"PostmanRuntime/7.29.2","errors":"","cost":0}
{"level":"INFO","time":"2022-08-24T07:39:22.340+0800","caller":"logger/logger.go:81","msg":"/signUp","status":404,"method":"POST","path":"/signUp","query":"","ip":"::1","user-agent":"PostmanRuntime/7.29.2","errors":"","cost":0}
{"level":"DEBUG","time":"2022-08-24T07:39:39.002+0800","caller":"blog/main.go:42","msg":"logger init success..."}
{"level":"DEBUG","time":"2022-08-24T07:39:52.670+0800","caller":"blog/main.go:42","msg":"logger init success..."}
{"level":"DEBUG","time":"2022-08-24T07:39:59.783+0800","caller":"blog/main.go:42","msg":"logger init success..."}
{"level":"DEBUG","time":"2022-08-24T07:40:12.708+0800","caller":"blog/main.go:42","msg":"logger init success..."}
{"level":"ERROR","time":"2022-08-24T07:40:22.127+0800","caller":"controller/user.go:21","msg":"SignUp with invalid  param","error":"Key: 'ParamSignUp.username' Error:Field validation for 'username' failed on the 'min' tag\nKey: 'ParamSignUp.re_password' Error:Field validation for 're_password' failed on the 'eqfield' tag"}
{"level":"INFO","time":"2022-08-24T07:40:22.127+0800","caller":"logger/logger.go:81","msg":"/signUp","status":200,"method":"POST","path":"/signUp","query":"","ip":"::1","user-agent":"PostmanRuntime/7.29.2","errors":"","cost":0.0006962}
